<?xml version="1.0" encoding="UTF-8"?>
<!-- Generated by org.testng.reporters.JUnitXMLReporter -->
<testsuite hostname="LAPTOP-0AOM9FTS" ignored="0" name="Command line test" tests="13" failures="1" timestamp="2022-03-16T10:29:01 EDT" time="102.512" errors="0">
  <testcase name="verifyAdminPageTest" time="0.07" classname="com.hrm.qa.testcases.AdminPageTest"/>
  <testcase name="selectingSingleUserTest" time="0.1" classname="com.hrm.qa.testcases.AdminPageTest"/>
  <testcase name="selectingMultipleUserTest" time="10.154" classname="com.hrm.qa.testcases.AdminPageTest">
    <failure type="org.openqa.selenium.NoSuchElementException" message="no such element: Unable to locate element: {&amp;quot;method&amp;quot;:&amp;quot;xpath&amp;quot;,&amp;quot;selector&amp;quot;:&amp;quot; //a[text()=&amp;apos;Johny123&amp;apos;]//parent::td[@class=&amp;apos;left&amp;apos;]//preceding-sibling::td//input[@name=&amp;apos;chkSelectRow[]&amp;apos;]&amp;quot;}
  (Session info: chrome=99.0.4844.51)
For documentation on this error, please visit: https://www.seleniumhq.org/exceptions/no_such_element.html
Build info: version: &amp;apos;3.141.59&amp;apos;, revision: &amp;apos;e82be7d358&amp;apos;, time: &amp;apos;2018-11-14T08:17:03&amp;apos;
System info: host: &amp;apos;LAPTOP-0AOM9FTS&amp;apos;, ip: &amp;apos;192.168.0.21&amp;apos;, os.name: &amp;apos;Windows 10&amp;apos;, os.arch: &amp;apos;amd64&amp;apos;, os.version: &amp;apos;10.0&amp;apos;, java.version: &amp;apos;1.8.0_251&amp;apos;
Driver info: org.openqa.selenium.chrome.ChromeDriver
Capabilities {acceptInsecureCerts: false, browserName: chrome, browserVersion: 99.0.4844.51, chrome: {chromedriverVersion: 98.0.4758.102 (273bf7ac8c90..., userDataDir: C:\WINDOWS\TEMP\scoped_dir3...}, goog:chromeOptions: {debuggerAddress: localhost:61587}, javascriptEnabled: true, networkConnectionEnabled: false, pageLoadStrategy: normal, platform: WINDOWS, platformName: WINDOWS, proxy: Proxy(), setWindowRect: true, strictFileInteractability: false, timeouts: {implicit: 0, pageLoad: 300000, script: 30000}, unhandledPromptBehavior: dismiss and notify, webauthn:extension:credBlob: true, webauthn:extension:largeBlob: true, webauthn:virtualAuthenticators: true}
Session ID: dd32e21ec140485394a32266872cd735
*** Element info: {Using=xpath, value= //a[text()=&amp;apos;Johny123&amp;apos;]//parent::td[@class=&amp;apos;left&amp;apos;]//preceding-sibling::td//input[@name=&amp;apos;chkSelectRow[]&amp;apos;]}">
      <![CDATA[org.openqa.selenium.NoSuchElementException: no such element: Unable to locate element: {"method":"xpath","selector":" //a[text()='Johny123']//parent::td[@class='left']//preceding-sibling::td//input[@name='chkSelectRow[]']"}
  (Session info: chrome=99.0.4844.51)
For documentation on this error, please visit: https://www.seleniumhq.org/exceptions/no_such_element.html
Build info: version: '3.141.59', revision: 'e82be7d358', time: '2018-11-14T08:17:03'
System info: host: 'LAPTOP-0AOM9FTS', ip: '192.168.0.21', os.name: 'Windows 10', os.arch: 'amd64', os.version: '10.0', java.version: '1.8.0_251'
Driver info: org.openqa.selenium.chrome.ChromeDriver
Capabilities {acceptInsecureCerts: false, browserName: chrome, browserVersion: 99.0.4844.51, chrome: {chromedriverVersion: 98.0.4758.102 (273bf7ac8c90..., userDataDir: C:\WINDOWS\TEMP\scoped_dir3...}, goog:chromeOptions: {debuggerAddress: localhost:61587}, javascriptEnabled: true, networkConnectionEnabled: false, pageLoadStrategy: normal, platform: WINDOWS, platformName: WINDOWS, proxy: Proxy(), setWindowRect: true, strictFileInteractability: false, timeouts: {implicit: 0, pageLoad: 300000, script: 30000}, unhandledPromptBehavior: dismiss and notify, webauthn:extension:credBlob: true, webauthn:extension:largeBlob: true, webauthn:virtualAuthenticators: true}
Session ID: dd32e21ec140485394a32266872cd735
*** Element info: {Using=xpath, value= //a[text()='Johny123']//parent::td[@class='left']//preceding-sibling::td//input[@name='chkSelectRow[]']}
at org.openqa.selenium.remote.http.W3CHttpResponseCodec.createException(W3CHttpResponseCodec.java:187)
at org.openqa.selenium.remote.http.W3CHttpResponseCodec.decode(W3CHttpResponseCodec.java:122)
at org.openqa.selenium.remote.http.W3CHttpResponseCodec.decode(W3CHttpResponseCodec.java:49)
at org.openqa.selenium.remote.HttpCommandExecutor.execute(HttpCommandExecutor.java:158)
at org.openqa.selenium.remote.service.DriverCommandExecutor.execute(DriverCommandExecutor.java:83)
at org.openqa.selenium.remote.RemoteWebDriver.execute(RemoteWebDriver.java:552)
at org.openqa.selenium.remote.RemoteWebDriver.findElement(RemoteWebDriver.java:323)
at org.openqa.selenium.remote.RemoteWebDriver.findElementByXPath(RemoteWebDriver.java:428)
at org.openqa.selenium.By$ByXPath.findElement(By.java:353)
at org.openqa.selenium.remote.RemoteWebDriver.findElement(RemoteWebDriver.java:315)
at org.openqa.selenium.support.events.EventFiringWebDriver.lambda$new$1(EventFiringWebDriver.java:105)
at com.sun.proxy.$Proxy6.findElement(Unknown Source)
at org.openqa.selenium.support.events.EventFiringWebDriver.findElement(EventFiringWebDriver.java:194)
at com.hrm.qa.pages.AdminPage.selectUsersByName(AdminPage.java:41)
at com.hrm.qa.testcases.AdminPageTest.selectingMultipleUserTest(AdminPageTest.java:48)
at java.util.ArrayList.forEach(ArrayList.java:1257)
... Removed 45 stack frames]]>
    </failure>
  </testcase> <!-- selectingMultipleUserTest -->
  <testcase name="validateCreationNewAdminTest" time="1.478" classname="com.hrm.qa.testcases.AdminPageTest"/>
  <testcase name="validateCreationNewAdminTest" time="1.387" classname="com.hrm.qa.testcases.AdminPageTest"/>
  <testcase name="validateCreationNewAdminTest" time="1.286" classname="com.hrm.qa.testcases.AdminPageTest"/>
  <testcase name="verifyDashboardTitleTest" time="0.006" classname="com.hrm.qa.testcases.DashboardPageTest"/>
  <testcase name="verifyDashBoardHeaderTest" time="0.062" classname="com.hrm.qa.testcases.DashboardPageTest"/>
  <testcase name="loginPageTitleTest" time="0.01" classname="com.hrm.qa.testcases.LoginPageTest"/>
  <testcase name="crmLogoImageTest" time="0.06" classname="com.hrm.qa.testcases.LoginPageTest"/>
  <testcase name="loginTest" time="2.071" classname="com.hrm.qa.testcases.LoginPageTest"/>
  <testcase name="verifyMyInfoIsDisplayedTest" time="0.063" classname="com.hrm.qa.testcases.MyInfoPageTest"/>
  <testcase name="clickOnMyInfoTabTest" time="1.504" classname="com.hrm.qa.testcases.MyInfoPageTest"/>
</testsuite> <!-- Command line test -->
